<?xml version="1.0" encoding="UTF-8"?>
<!-- Generated by org.testng.reporters.JUnitReportReporter -->
<testsuite skipped="0" hostname="WGC100HXP4S73" name="basic.GetAllIncidents" tests="1" failures="0" timestamp="24 Oct 2021 12:18:52 GMT" time="6.064" errors="0">
  <testcase name="createIncident" time="6.064" classname="basic.GetAllIncidents"/>
</testsuite> <!-- basic.GetAllIncidents -->
