<?xml version="1.0" encoding="UTF-8"?>
<!-- Generated by org.testng.reporters.JUnitReportReporter -->
<testsuite skipped="0" hostname="WGC100HXP4S73" name="stubs.LearnStub2" tests="1" failures="0" timestamp="04 Sep 2021 12:55:19 GMT" time="1.111" errors="0">
  <testcase name="mockPostWithBody" time="1.111" classname="stubs.LearnStub2"/>
</testsuite> <!-- stubs.LearnStub2 -->
